[2022-07-12T17:05:23.491] [ERROR] error - 这是个错误
[2022-07-12T17:05:24.603] [ERROR] error - 这是个错误
[2022-07-12T17:05:26.615] [ERROR] error - 这是个错误
[2022-07-12T17:05:28.614] [ERROR] error - 这是个错误
[2022-07-12T17:05:30.604] [ERROR] error - 这是个错误
[2022-07-12T17:05:32.614] [ERROR] error - 这是个错误
[2022-07-12T17:05:34.610] [ERROR] error - 这是个错误
[2022-07-12T17:05:36.614] [ERROR] error - 这是个错误
[2022-07-12T17:05:38.617] [ERROR] error - 这是个错误
[2022-07-12T17:05:40.621] [ERROR] error - 这是个错误
[2022-07-12T17:05:42.603] [ERROR] error - 这是个错误
[2022-07-12T17:05:44.609] [ERROR] error - 这是个错误
[2022-07-12T17:05:46.617] [ERROR] error - 这是个错误
[2022-07-12T17:05:48.604] [ERROR] error - 这是个错误
[2022-07-12T17:05:50.618] [ERROR] error - 这是个错误
[2022-07-12T17:05:52.602] [ERROR] error - 这是个错误
[2022-07-12T17:05:54.609] [ERROR] error - 这是个错误
[2022-07-12T17:05:56.616] [ERROR] error - 这是个错误
[2022-07-12T17:05:58.609] [ERROR] error - 这是个错误
[2022-07-12T17:06:00.605] [ERROR] error - 这是个错误
[2022-07-12T17:06:02.605] [ERROR] error - 这是个错误
[2022-07-12T17:06:04.601] [ERROR] error - 这是个错误
[2022-07-12T17:06:06.614] [ERROR] error - 这是个错误
[2022-07-12T17:06:08.613] [ERROR] error - 这是个错误
[2022-07-12T17:06:10.606] [ERROR] error - 这是个错误
[2022-07-12T17:06:12.609] [ERROR] error - 这是个错误
[2022-07-12T17:06:14.611] [ERROR] error - 这是个错误
[2022-07-12T17:06:16.601] [ERROR] error - 这是个错误
[2022-07-12T17:06:18.604] [ERROR] error - 这是个错误
[2022-07-12T17:06:20.607] [ERROR] error - 这是个错误
[2022-07-12T17:06:22.623] [ERROR] error - 这是个错误
[2022-07-12T17:06:24.617] [ERROR] error - 这是个错误
[2022-07-12T17:06:26.627] [ERROR] error - 这是个错误
[2022-07-12T17:06:28.610] [ERROR] error - 这是个错误
[2022-07-12T17:06:30.613] [ERROR] error - 这是个错误
[2022-07-12T17:06:32.612] [ERROR] error - 这是个错误
[2022-07-12T17:06:34.615] [ERROR] error - 这是个错误
[2022-07-12T17:06:36.617] [ERROR] error - 这是个错误
[2022-07-12T17:06:38.606] [ERROR] error - 这是个错误
[2022-07-12T17:06:40.615] [ERROR] error - 这是个错误
[2022-07-12T17:06:42.620] [ERROR] error - 这是个错误
[2022-07-12T17:06:44.619] [ERROR] error - 这是个错误
[2022-07-12T17:06:46.607] [ERROR] error - 这是个错误
[2022-07-12T17:06:48.612] [ERROR] error - 这是个错误
[2022-07-12T17:06:50.608] [ERROR] error - 这是个错误
[2022-07-12T17:06:52.604] [ERROR] error - 这是个错误
[2022-07-12T17:06:54.609] [ERROR] error - 这是个错误
[2022-07-12T17:06:56.613] [ERROR] error - 这是个错误
[2022-07-12T17:06:58.622] [ERROR] error - 这是个错误
[2022-07-12T17:07:00.611] [ERROR] error - 这是个错误
[2022-07-12T17:07:02.608] [ERROR] error - 这是个错误
[2022-07-12T17:07:04.614] [ERROR] error - 这是个错误
[2022-07-12T17:07:06.609] [ERROR] error - 这是个错误
[2022-07-12T17:07:08.621] [ERROR] error - 这是个错误
[2022-07-12T17:07:10.611] [ERROR] error - 这是个错误
[2022-07-12T17:07:12.611] [ERROR] error - 这是个错误
[2022-07-12T17:07:14.615] [ERROR] error - 这是个错误
[2022-07-12T17:07:16.616] [ERROR] error - 这是个错误
[2022-07-12T17:07:18.616] [ERROR] error - 这是个错误
[2022-07-12T17:07:20.611] [ERROR] error - 这是个错误
[2022-07-12T17:07:22.609] [ERROR] error - 这是个错误
[2022-07-12T17:07:24.612] [ERROR] error - 这是个错误
[2022-07-12T17:07:26.619] [ERROR] error - 这是个错误
[2022-07-12T17:07:28.605] [ERROR] error - 这是个错误
[2022-07-12T17:07:30.611] [ERROR] error - 这是个错误
[2022-07-12T17:07:32.609] [ERROR] error - 这是个错误
[2022-07-12T17:07:34.609] [ERROR] error - 这是个错误
[2022-07-12T17:07:36.616] [ERROR] error - 这是个错误
[2022-07-12T17:07:38.613] [ERROR] error - 这是个错误
[2022-07-12T17:07:40.603] [ERROR] error - 这是个错误
[2022-07-12T17:07:42.617] [ERROR] error - 这是个错误
[2022-07-12T17:07:44.621] [ERROR] error - 这是个错误
[2022-07-12T17:07:46.613] [ERROR] error - 这是个错误
[2022-07-12T17:07:48.620] [ERROR] error - 这是个错误
[2022-07-12T17:07:50.603] [ERROR] error - 这是个错误
[2022-07-12T17:07:52.601] [ERROR] error - 这是个错误
[2022-07-12T17:07:54.611] [ERROR] error - 这是个错误
[2022-07-12T17:07:56.613] [ERROR] error - 这是个错误
[2022-07-12T17:07:58.608] [ERROR] error - 这是个错误
[2022-07-12T17:08:00.610] [ERROR] error - 这是个错误
[2022-07-12T17:08:02.609] [ERROR] error - 这是个错误
[2022-07-12T17:08:04.622] [ERROR] error - 这是个错误
[2022-07-12T17:08:06.624] [ERROR] error - 这是个错误
[2022-07-12T17:08:08.615] [ERROR] error - 这是个错误
[2022-07-12T17:08:10.607] [ERROR] error - 这是个错误
[2022-07-12T17:08:12.613] [ERROR] error - 这是个错误
[2022-07-12T17:08:14.610] [ERROR] error - 这是个错误
[2022-07-12T17:08:16.609] [ERROR] error - 这是个错误
[2022-07-12T17:08:18.617] [ERROR] error - 这是个错误
[2022-07-12T17:08:20.622] [ERROR] error - 这是个错误
[2022-07-12T17:08:22.607] [ERROR] error - 这是个错误
[2022-07-12T17:08:24.611] [ERROR] error - 这是个错误
[2022-07-12T17:08:26.624] [ERROR] error - 这是个错误
[2022-07-12T17:08:28.612] [ERROR] error - 这是个错误
[2022-07-12T17:08:30.619] [ERROR] error - 这是个错误
[2022-07-12T17:08:32.619] [ERROR] error - 这是个错误
[2022-07-12T17:08:34.614] [ERROR] error - 这是个错误
[2022-07-12T17:08:36.620] [ERROR] error - 这是个错误
[2022-07-12T17:08:38.611] [ERROR] error - 这是个错误
[2022-07-12T17:08:40.614] [ERROR] error - 这是个错误
[2022-07-12T17:08:42.625] [ERROR] error - 这是个错误
[2022-07-12T17:08:44.610] [ERROR] error - 这是个错误
[2022-07-12T17:08:46.612] [ERROR] error - 这是个错误
[2022-07-12T17:08:48.620] [ERROR] error - 这是个错误
[2022-07-12T17:08:50.608] [ERROR] error - 这是个错误
[2022-07-12T17:08:52.620] [ERROR] error - 这是个错误
[2022-07-12T17:08:54.620] [ERROR] error - 这是个错误
[2022-07-12T17:08:56.613] [ERROR] error - 这是个错误
[2022-07-12T17:08:58.621] [ERROR] error - 这是个错误
[2022-07-12T17:09:00.612] [ERROR] error - 这是个错误
[2022-07-12T17:09:02.614] [ERROR] error - 这是个错误
[2022-07-12T17:09:04.621] [ERROR] error - 这是个错误
[2022-07-12T17:09:06.620] [ERROR] error - 这是个错误
[2022-07-12T17:09:08.611] [ERROR] error - 这是个错误
[2022-07-12T17:09:10.618] [ERROR] error - 这是个错误
[2022-07-12T17:09:12.611] [ERROR] error - 这是个错误
[2022-07-12T17:09:14.616] [ERROR] error - 这是个错误
[2022-07-12T17:09:16.613] [ERROR] error - 这是个错误
[2022-07-12T17:09:18.610] [ERROR] error - 这是个错误
[2022-07-12T17:09:20.621] [ERROR] error - 这是个错误
[2022-07-12T17:09:22.607] [ERROR] error - 这是个错误
[2022-07-12T17:09:24.610] [ERROR] error - 这是个错误
[2022-07-12T17:09:26.616] [ERROR] error - 这是个错误
[2022-07-12T17:09:28.619] [ERROR] error - 这是个错误
[2022-07-12T17:09:30.605] [ERROR] error - 这是个错误
[2022-07-12T17:09:32.611] [ERROR] error - 这是个错误
[2022-07-12T17:09:34.609] [ERROR] error - 这是个错误
[2022-07-12T17:09:36.610] [ERROR] error - 这是个错误
[2022-07-12T17:09:38.610] [ERROR] error - 这是个错误
[2022-07-12T17:09:40.611] [ERROR] error - 这是个错误
[2022-07-12T17:09:42.610] [ERROR] error - 这是个错误
[2022-07-12T17:09:44.611] [ERROR] error - 这是个错误
[2022-07-12T17:09:46.615] [ERROR] error - 这是个错误
[2022-07-12T17:09:48.609] [ERROR] error - 这是个错误
[2022-07-12T17:09:50.612] [ERROR] error - 这是个错误
[2022-07-12T17:09:52.620] [ERROR] error - 这是个错误
[2022-07-12T17:09:54.604] [ERROR] error - 这是个错误
[2022-07-12T17:09:56.612] [ERROR] error - 这是个错误
[2022-07-12T17:09:58.620] [ERROR] error - 这是个错误
[2022-07-12T17:10:00.607] [ERROR] error - 这是个错误
[2022-07-12T17:10:02.614] [ERROR] error - 这是个错误
[2022-07-12T17:10:04.606] [ERROR] error - 这是个错误
[2022-07-12T17:10:06.616] [ERROR] error - 这是个错误
[2022-07-12T17:10:08.612] [ERROR] error - 这是个错误
[2022-07-12T17:10:10.614] [ERROR] error - 这是个错误
[2022-07-12T17:10:12.620] [ERROR] error - 这是个错误
[2022-07-12T17:10:14.623] [ERROR] error - 这是个错误
[2022-07-12T17:10:16.611] [ERROR] error - 这是个错误
[2022-07-12T17:10:18.614] [ERROR] error - 这是个错误
[2022-07-12T17:10:20.624] [ERROR] error - 这是个错误
[2022-07-12T17:10:22.614] [ERROR] error - 这是个错误
[2022-07-12T17:10:24.613] [ERROR] error - 这是个错误
[2022-07-12T17:10:26.603] [ERROR] error - 这是个错误
[2022-07-12T17:10:28.617] [ERROR] error - 这是个错误
[2022-07-12T17:10:30.617] [ERROR] error - 这是个错误
[2022-07-12T17:10:32.615] [ERROR] error - 这是个错误
[2022-07-12T17:10:34.611] [ERROR] error - 这是个错误
[2022-07-12T17:10:36.608] [ERROR] error - 这是个错误
[2022-07-12T17:10:38.608] [ERROR] error - 这是个错误
[2022-07-12T17:10:40.608] [ERROR] error - 这是个错误
[2022-07-12T17:10:42.615] [ERROR] error - 这是个错误
[2022-07-12T17:10:44.619] [ERROR] error - 这是个错误
[2022-07-12T17:10:46.607] [ERROR] error - 这是个错误
[2022-07-12T17:10:48.618] [ERROR] error - 这是个错误
[2022-07-12T17:10:50.609] [ERROR] error - 这是个错误
[2022-07-12T17:10:52.610] [ERROR] error - 这是个错误
[2022-07-12T17:10:54.618] [ERROR] error - 这是个错误
[2022-07-12T17:10:56.611] [ERROR] error - 这是个错误
[2022-07-12T17:10:58.605] [ERROR] error - 这是个错误
[2022-07-12T17:11:00.612] [ERROR] error - 这是个错误
[2022-07-12T17:11:02.607] [ERROR] error - 这是个错误
[2022-07-12T17:11:04.608] [ERROR] error - 这是个错误
[2022-07-12T17:11:06.608] [ERROR] error - 这是个错误
[2022-07-12T17:11:08.609] [ERROR] error - 这是个错误
[2022-07-12T17:11:10.607] [ERROR] error - 这是个错误
[2022-07-12T17:11:12.604] [ERROR] error - 这是个错误
[2022-07-12T17:11:14.609] [ERROR] error - 这是个错误
[2022-07-12T17:11:16.608] [ERROR] error - 这是个错误
[2022-07-12T17:11:18.609] [ERROR] error - 这是个错误
[2022-07-12T17:11:20.610] [ERROR] error - 这是个错误
[2022-07-12T17:11:22.613] [ERROR] error - 这是个错误
[2022-07-12T17:11:24.612] [ERROR] error - 这是个错误
[2022-07-12T17:11:26.603] [ERROR] error - 这是个错误
[2022-07-12T17:11:28.620] [ERROR] error - 这是个错误
[2022-07-12T17:11:30.619] [ERROR] error - 这是个错误
[2022-07-12T17:11:32.613] [ERROR] error - 这是个错误
[2022-07-12T17:11:34.612] [ERROR] error - 这是个错误
[2022-07-12T17:11:36.610] [ERROR] error - 这是个错误
[2022-07-12T17:11:38.614] [ERROR] error - 这是个错误
[2022-07-12T17:11:40.615] [ERROR] error - 这是个错误
[2022-07-12T17:11:42.610] [ERROR] error - 这是个错误
[2022-07-12T17:11:44.603] [ERROR] error - 这是个错误
[2022-07-12T17:11:46.607] [ERROR] error - 这是个错误
[2022-07-12T17:11:48.613] [ERROR] error - 这是个错误
[2022-07-12T17:11:50.616] [ERROR] error - 这是个错误
[2022-07-12T17:11:52.606] [ERROR] error - 这是个错误
[2022-07-12T17:11:54.614] [ERROR] error - 这是个错误
[2022-07-12T17:11:56.603] [ERROR] error - 这是个错误
[2022-07-12T17:11:58.615] [ERROR] error - 这是个错误
[2022-07-12T17:12:00.610] [ERROR] error - 这是个错误
[2022-07-12T17:12:02.619] [ERROR] error - 这是个错误
[2022-07-12T17:12:04.615] [ERROR] error - 这是个错误
[2022-07-12T17:12:06.608] [ERROR] error - 这是个错误
[2022-07-12T17:12:08.610] [ERROR] error - 这是个错误
[2022-07-12T17:12:10.605] [ERROR] error - 这是个错误
[2022-07-12T17:12:12.618] [ERROR] error - 这是个错误
[2022-07-12T17:12:14.606] [ERROR] error - 这是个错误
[2022-07-12T17:12:16.603] [ERROR] error - 这是个错误
[2022-07-12T17:12:18.617] [ERROR] error - 这是个错误
[2022-07-12T17:12:20.608] [ERROR] error - 这是个错误
[2022-07-12T17:12:22.610] [ERROR] error - 这是个错误
[2022-07-12T17:12:24.621] [ERROR] error - 这是个错误
[2022-07-12T17:12:26.620] [ERROR] error - 这是个错误
[2022-07-12T17:12:28.619] [ERROR] error - 这是个错误
[2022-07-12T17:12:30.621] [ERROR] error - 这是个错误
[2022-07-12T17:12:32.612] [ERROR] error - 这是个错误
[2022-07-12T17:12:34.615] [ERROR] error - 这是个错误
[2022-07-12T17:12:36.611] [ERROR] error - 这是个错误
[2022-07-12T17:12:38.609] [ERROR] error - 这是个错误
[2022-07-12T17:12:40.621] [ERROR] error - 这是个错误
[2022-07-12T17:12:42.608] [ERROR] error - 这是个错误
[2022-07-12T17:12:44.611] [ERROR] error - 这是个错误
[2022-07-12T17:12:46.607] [ERROR] error - 这是个错误
[2022-07-12T17:12:48.605] [ERROR] error - 这是个错误
[2022-07-12T17:12:50.613] [ERROR] error - 这是个错误
[2022-07-12T17:12:52.608] [ERROR] error - 这是个错误
[2022-07-12T17:12:54.606] [ERROR] error - 这是个错误
[2022-07-12T17:12:56.618] [ERROR] error - 这是个错误
[2022-07-12T17:12:58.620] [ERROR] error - 这是个错误
[2022-07-12T17:13:00.617] [ERROR] error - 这是个错误
[2022-07-12T17:13:02.615] [ERROR] error - 这是个错误
[2022-07-12T17:13:04.610] [ERROR] error - 这是个错误
[2022-07-12T17:13:06.609] [ERROR] error - 这是个错误
[2022-07-12T17:13:08.617] [ERROR] error - 这是个错误
[2022-07-12T17:13:10.615] [ERROR] error - 这是个错误
[2022-07-12T17:13:12.612] [ERROR] error - 这是个错误
[2022-07-12T17:13:14.610] [ERROR] error - 这是个错误
[2022-07-12T17:13:16.604] [ERROR] error - 这是个错误
[2022-07-12T17:13:18.611] [ERROR] error - 这是个错误
[2022-07-12T17:13:20.615] [ERROR] error - 这是个错误
[2022-07-12T17:13:22.632] [ERROR] error - 这是个错误
[2022-07-12T17:13:24.609] [ERROR] error - 这是个错误
[2022-07-12T17:13:26.607] [ERROR] error - 这是个错误
[2022-07-12T17:13:28.613] [ERROR] error - 这是个错误
[2022-07-12T17:13:30.612] [ERROR] error - 这是个错误
[2022-07-12T17:13:32.610] [ERROR] error - 这是个错误
[2022-07-12T17:13:34.610] [ERROR] error - 这是个错误
[2022-07-12T17:13:36.618] [ERROR] error - 这是个错误
[2022-07-12T17:13:38.613] [ERROR] error - 这是个错误
[2022-07-12T17:13:40.604] [ERROR] error - 这是个错误
[2022-07-12T17:13:42.603] [ERROR] error - 这是个错误
[2022-07-12T17:13:44.618] [ERROR] error - 这是个错误
[2022-07-12T17:13:46.616] [ERROR] error - 这是个错误
[2022-07-12T17:13:48.607] [ERROR] error - 这是个错误
[2022-07-12T17:13:50.621] [ERROR] error - 这是个错误
[2022-07-12T17:13:52.606] [ERROR] error - 这是个错误
[2022-07-12T17:13:54.609] [ERROR] error - 这是个错误
[2022-07-12T17:13:56.608] [ERROR] error - 这是个错误
[2022-07-12T17:13:58.651] [ERROR] error - 这是个错误
[2022-07-12T17:14:00.613] [ERROR] error - 这是个错误
[2022-07-12T17:14:02.605] [ERROR] error - 这是个错误
[2022-07-12T17:14:04.611] [ERROR] error - 这是个错误
[2022-07-12T17:14:06.615] [ERROR] error - 这是个错误
[2022-07-12T17:14:08.615] [ERROR] error - 这是个错误
[2022-07-12T17:14:10.617] [ERROR] error - 这是个错误
[2022-07-12T17:14:12.611] [ERROR] error - 这是个错误
[2022-07-12T17:14:14.611] [ERROR] error - 这是个错误
[2022-07-12T17:14:16.602] [ERROR] error - 这是个错误
[2022-07-12T17:14:18.606] [ERROR] error - 这是个错误
[2022-07-12T17:14:20.616] [ERROR] error - 这是个错误
[2022-07-12T17:14:22.615] [ERROR] error - 这是个错误
[2022-07-12T17:14:24.615] [ERROR] error - 这是个错误
[2022-07-12T17:14:26.602] [ERROR] error - 这是个错误
[2022-07-12T17:14:28.609] [ERROR] error - 这是个错误
[2022-07-12T17:14:30.605] [ERROR] error - 这是个错误
[2022-07-12T17:14:32.605] [ERROR] error - 这是个错误
[2022-07-12T17:14:34.614] [ERROR] error - 这是个错误
[2022-07-12T17:14:36.617] [ERROR] error - 这是个错误
[2022-07-12T17:14:38.619] [ERROR] error - 这是个错误
[2022-07-12T17:14:40.615] [ERROR] error - 这是个错误
[2022-07-12T17:14:42.614] [ERROR] error - 这是个错误
[2022-07-12T17:14:44.608] [ERROR] error - 这是个错误
[2022-07-12T17:14:46.611] [ERROR] error - 这是个错误
[2022-07-12T17:14:48.605] [ERROR] error - 这是个错误
[2022-07-12T17:14:50.609] [ERROR] error - 这是个错误
[2022-07-12T17:14:52.609] [ERROR] error - 这是个错误
[2022-07-12T17:14:54.622] [ERROR] error - 这是个错误
[2022-07-12T17:14:56.609] [ERROR] error - 这是个错误
[2022-07-12T17:14:58.614] [ERROR] error - 这是个错误
[2022-07-12T17:15:00.609] [ERROR] error - 这是个错误
[2022-07-12T17:15:02.614] [ERROR] error - 这是个错误
[2022-07-12T17:15:04.615] [ERROR] error - 这是个错误
[2022-07-12T17:15:06.611] [ERROR] error - 这是个错误
[2022-07-12T17:15:08.609] [ERROR] error - 这是个错误
[2022-07-12T17:15:10.612] [ERROR] error - 这是个错误
[2022-07-12T17:15:12.613] [ERROR] error - 这是个错误
[2022-07-12T17:15:14.611] [ERROR] error - 这是个错误
[2022-07-12T17:15:16.608] [ERROR] error - 这是个错误
[2022-07-12T17:15:18.619] [ERROR] error - 这是个错误
[2022-07-12T17:15:20.614] [ERROR] error - 这是个错误
[2022-07-12T17:15:22.610] [ERROR] error - 这是个错误
[2022-07-12T17:15:24.604] [ERROR] error - 这是个错误
[2022-07-12T17:15:26.602] [ERROR] error - 这是个错误
[2022-07-12T18:00:47.463] [ERROR] error - err:TypeError: util.error is not a function
    at E:\koa2\manager-server\routes\users.js:23:21
    at processTicksAndRejections (node:internal/process/task_queues:96:5)
    at async E:\koa2\manager-server\app.js:33:3
    at async serve (E:\koa2\manager-server\node_modules\koa-static\index.js:53:9)
    at async bodyParser (E:\koa2\manager-server\node_modules\koa-bodyparser\index.js:95:5)
[2022-07-12T18:01:10.610] [ERROR] error - 账号或密码不正确
[2022-07-12T18:01:10.610] [ERROR] error - 账号或密码不正确
[2022-07-12T18:01:10.611] [ERROR] error - err:ReferenceError: data is not defined
    at Object.fail (E:\koa2\manager-server\utils\util.js:46:7)
    at E:\koa2\manager-server\routes\users.js:23:21
    at processTicksAndRejections (node:internal/process/task_queues:96:5)
    at async E:\koa2\manager-server\app.js:33:3
    at async serve (E:\koa2\manager-server\node_modules\koa-static\index.js:53:9)
    at async bodyParser (E:\koa2\manager-server\node_modules\koa-bodyparser\index.js:95:5)
[2022-07-12T18:03:49.193] [ERROR] error - 账号或密码不正确
[2022-07-12T18:04:25.612] [ERROR] error - 账号或密码不正确
[2022-07-12T18:05:38.351] [ERROR] error - 账号或密码不正确
[2022-07-12T19:30:50.827] [ERROR] error - 账号或密码不正确
[2022-07-12T19:32:32.243] [ERROR] error - 账号或密码不正确
[2022-07-12T19:32:47.835] [ERROR] error - 账号或密码不正确
