[2022-07-12T17:05:23.490] [DEBUG] debug - log output
[2022-07-12T17:05:24.603] [DEBUG] debug - log output
[2022-07-12T17:05:26.613] [DEBUG] debug - log output
[2022-07-12T17:05:28.611] [DEBUG] debug - log output
[2022-07-12T17:05:30.604] [DEBUG] debug - log output
[2022-07-12T17:05:32.613] [DEBUG] debug - log output
[2022-07-12T17:05:34.609] [DEBUG] debug - log output
[2022-07-12T17:05:36.613] [DEBUG] debug - log output
[2022-07-12T17:05:38.616] [DEBUG] debug - log output
[2022-07-12T17:05:40.619] [DEBUG] debug - log output
[2022-07-12T17:05:42.602] [DEBUG] debug - log output
[2022-07-12T17:05:44.609] [DEBUG] debug - log output
[2022-07-12T17:05:46.617] [DEBUG] debug - log output
[2022-07-12T17:05:48.603] [DEBUG] debug - log output
[2022-07-12T17:05:50.617] [DEBUG] debug - log output
[2022-07-12T17:05:52.601] [DEBUG] debug - log output
[2022-07-12T17:05:54.608] [DEBUG] debug - log output
[2022-07-12T17:05:56.615] [DEBUG] debug - log output
[2022-07-12T17:05:58.607] [DEBUG] debug - log output
[2022-07-12T17:06:00.605] [DEBUG] debug - log output
[2022-07-12T17:06:02.604] [DEBUG] debug - log output
[2022-07-12T17:06:04.601] [DEBUG] debug - log output
[2022-07-12T17:06:06.613] [DEBUG] debug - log output
[2022-07-12T17:06:08.612] [DEBUG] debug - log output
[2022-07-12T17:06:10.606] [DEBUG] debug - log output
[2022-07-12T17:06:12.607] [DEBUG] debug - log output
[2022-07-12T17:06:14.611] [DEBUG] debug - log output
[2022-07-12T17:06:16.600] [DEBUG] debug - log output
[2022-07-12T17:06:18.604] [DEBUG] debug - log output
[2022-07-12T17:06:20.607] [DEBUG] debug - log output
[2022-07-12T17:06:22.621] [DEBUG] debug - log output
[2022-07-12T17:06:24.617] [DEBUG] debug - log output
[2022-07-12T17:06:26.625] [DEBUG] debug - log output
[2022-07-12T17:06:28.609] [DEBUG] debug - log output
[2022-07-12T17:06:30.613] [DEBUG] debug - log output
[2022-07-12T17:06:32.612] [DEBUG] debug - log output
[2022-07-12T17:06:34.614] [DEBUG] debug - log output
[2022-07-12T17:06:36.616] [DEBUG] debug - log output
[2022-07-12T17:06:38.605] [DEBUG] debug - log output
[2022-07-12T17:06:40.615] [DEBUG] debug - log output
[2022-07-12T17:06:42.619] [DEBUG] debug - log output
[2022-07-12T17:06:44.618] [DEBUG] debug - log output
[2022-07-12T17:06:46.606] [DEBUG] debug - log output
[2022-07-12T17:06:48.611] [DEBUG] debug - log output
[2022-07-12T17:06:50.608] [DEBUG] debug - log output
[2022-07-12T17:06:52.603] [DEBUG] debug - log output
[2022-07-12T17:06:54.609] [DEBUG] debug - log output
[2022-07-12T17:06:56.613] [DEBUG] debug - log output
[2022-07-12T17:06:58.620] [DEBUG] debug - log output
[2022-07-12T17:07:00.610] [DEBUG] debug - log output
[2022-07-12T17:07:02.608] [DEBUG] debug - log output
[2022-07-12T17:07:04.612] [DEBUG] debug - log output
[2022-07-12T17:07:06.608] [DEBUG] debug - log output
[2022-07-12T17:07:08.619] [DEBUG] debug - log output
[2022-07-12T17:07:10.611] [DEBUG] debug - log output
[2022-07-12T17:07:12.610] [DEBUG] debug - log output
[2022-07-12T17:07:14.613] [DEBUG] debug - log output
[2022-07-12T17:07:16.614] [DEBUG] debug - log output
[2022-07-12T17:07:18.615] [DEBUG] debug - log output
[2022-07-12T17:07:20.609] [DEBUG] debug - log output
[2022-07-12T17:07:22.607] [DEBUG] debug - log output
[2022-07-12T17:07:24.612] [DEBUG] debug - log output
[2022-07-12T17:07:26.617] [DEBUG] debug - log output
[2022-07-12T17:07:28.605] [DEBUG] debug - log output
[2022-07-12T17:07:30.609] [DEBUG] debug - log output
[2022-07-12T17:07:32.608] [DEBUG] debug - log output
[2022-07-12T17:07:34.607] [DEBUG] debug - log output
[2022-07-12T17:07:36.614] [DEBUG] debug - log output
[2022-07-12T17:07:38.612] [DEBUG] debug - log output
[2022-07-12T17:07:40.602] [DEBUG] debug - log output
[2022-07-12T17:07:42.615] [DEBUG] debug - log output
[2022-07-12T17:07:44.618] [DEBUG] debug - log output
[2022-07-12T17:07:46.612] [DEBUG] debug - log output
[2022-07-12T17:07:48.619] [DEBUG] debug - log output
[2022-07-12T17:07:50.603] [DEBUG] debug - log output
[2022-07-12T17:07:52.601] [DEBUG] debug - log output
[2022-07-12T17:07:54.611] [DEBUG] debug - log output
[2022-07-12T17:07:56.612] [DEBUG] debug - log output
[2022-07-12T17:07:58.607] [DEBUG] debug - log output
[2022-07-12T17:08:00.608] [DEBUG] debug - log output
[2022-07-12T17:08:02.607] [DEBUG] debug - log output
[2022-07-12T17:08:04.621] [DEBUG] debug - log output
[2022-07-12T17:08:06.623] [DEBUG] debug - log output
[2022-07-12T17:08:08.615] [DEBUG] debug - log output
[2022-07-12T17:08:10.607] [DEBUG] debug - log output
[2022-07-12T17:08:12.612] [DEBUG] debug - log output
[2022-07-12T17:08:14.609] [DEBUG] debug - log output
[2022-07-12T17:08:16.607] [DEBUG] debug - log output
[2022-07-12T17:08:18.616] [DEBUG] debug - log output
[2022-07-12T17:08:20.620] [DEBUG] debug - log output
[2022-07-12T17:08:22.606] [DEBUG] debug - log output
[2022-07-12T17:08:24.611] [DEBUG] debug - log output
[2022-07-12T17:08:26.622] [DEBUG] debug - log output
[2022-07-12T17:08:28.611] [DEBUG] debug - log output
[2022-07-12T17:08:30.618] [DEBUG] debug - log output
[2022-07-12T17:08:32.618] [DEBUG] debug - log output
[2022-07-12T17:08:34.614] [DEBUG] debug - log output
[2022-07-12T17:08:36.619] [DEBUG] debug - log output
[2022-07-12T17:08:38.609] [DEBUG] debug - log output
[2022-07-12T17:08:40.612] [DEBUG] debug - log output
[2022-07-12T17:08:42.620] [DEBUG] debug - log output
[2022-07-12T17:08:44.608] [DEBUG] debug - log output
[2022-07-12T17:08:46.610] [DEBUG] debug - log output
[2022-07-12T17:08:48.619] [DEBUG] debug - log output
[2022-07-12T17:08:50.607] [DEBUG] debug - log output
[2022-07-12T17:08:52.618] [DEBUG] debug - log output
[2022-07-12T17:08:54.618] [DEBUG] debug - log output
[2022-07-12T17:08:56.611] [DEBUG] debug - log output
[2022-07-12T17:08:58.619] [DEBUG] debug - log output
[2022-07-12T17:09:00.610] [DEBUG] debug - log output
[2022-07-12T17:09:02.613] [DEBUG] debug - log output
[2022-07-12T17:09:04.619] [DEBUG] debug - log output
[2022-07-12T17:09:06.619] [DEBUG] debug - log output
[2022-07-12T17:09:08.610] [DEBUG] debug - log output
[2022-07-12T17:09:10.617] [DEBUG] debug - log output
[2022-07-12T17:09:12.609] [DEBUG] debug - log output
[2022-07-12T17:09:14.615] [DEBUG] debug - log output
[2022-07-12T17:09:16.612] [DEBUG] debug - log output
[2022-07-12T17:09:18.609] [DEBUG] debug - log output
[2022-07-12T17:09:20.620] [DEBUG] debug - log output
[2022-07-12T17:09:22.606] [DEBUG] debug - log output
[2022-07-12T17:09:24.610] [DEBUG] debug - log output
[2022-07-12T17:09:26.615] [DEBUG] debug - log output
[2022-07-12T17:09:28.617] [DEBUG] debug - log output
[2022-07-12T17:09:30.605] [DEBUG] debug - log output
[2022-07-12T17:09:32.611] [DEBUG] debug - log output
[2022-07-12T17:09:34.607] [DEBUG] debug - log output
[2022-07-12T17:09:36.608] [DEBUG] debug - log output
[2022-07-12T17:09:38.609] [DEBUG] debug - log output
[2022-07-12T17:09:40.610] [DEBUG] debug - log output
[2022-07-12T17:09:42.609] [DEBUG] debug - log output
[2022-07-12T17:09:44.610] [DEBUG] debug - log output
[2022-07-12T17:09:46.615] [DEBUG] debug - log output
[2022-07-12T17:09:48.608] [DEBUG] debug - log output
[2022-07-12T17:09:50.611] [DEBUG] debug - log output
[2022-07-12T17:09:52.618] [DEBUG] debug - log output
[2022-07-12T17:09:54.603] [DEBUG] debug - log output
[2022-07-12T17:09:56.611] [DEBUG] debug - log output
[2022-07-12T17:09:58.619] [DEBUG] debug - log output
[2022-07-12T17:10:00.607] [DEBUG] debug - log output
[2022-07-12T17:10:02.613] [DEBUG] debug - log output
[2022-07-12T17:10:04.605] [DEBUG] debug - log output
[2022-07-12T17:10:06.614] [DEBUG] debug - log output
[2022-07-12T17:10:08.611] [DEBUG] debug - log output
[2022-07-12T17:10:10.613] [DEBUG] debug - log output
[2022-07-12T17:10:12.619] [DEBUG] debug - log output
[2022-07-12T17:10:14.622] [DEBUG] debug - log output
[2022-07-12T17:10:16.611] [DEBUG] debug - log output
[2022-07-12T17:10:18.613] [DEBUG] debug - log output
[2022-07-12T17:10:20.622] [DEBUG] debug - log output
[2022-07-12T17:10:22.613] [DEBUG] debug - log output
[2022-07-12T17:10:24.612] [DEBUG] debug - log output
[2022-07-12T17:10:26.602] [DEBUG] debug - log output
[2022-07-12T17:10:28.616] [DEBUG] debug - log output
[2022-07-12T17:10:30.617] [DEBUG] debug - log output
[2022-07-12T17:10:32.615] [DEBUG] debug - log output
[2022-07-12T17:10:34.610] [DEBUG] debug - log output
[2022-07-12T17:10:36.608] [DEBUG] debug - log output
[2022-07-12T17:10:38.608] [DEBUG] debug - log output
[2022-07-12T17:10:40.607] [DEBUG] debug - log output
[2022-07-12T17:10:42.614] [DEBUG] debug - log output
[2022-07-12T17:10:44.618] [DEBUG] debug - log output
[2022-07-12T17:10:46.606] [DEBUG] debug - log output
[2022-07-12T17:10:48.617] [DEBUG] debug - log output
[2022-07-12T17:10:50.609] [DEBUG] debug - log output
[2022-07-12T17:10:52.609] [DEBUG] debug - log output
[2022-07-12T17:10:54.617] [DEBUG] debug - log output
[2022-07-12T17:10:56.611] [DEBUG] debug - log output
[2022-07-12T17:10:58.604] [DEBUG] debug - log output
[2022-07-12T17:11:00.611] [DEBUG] debug - log output
[2022-07-12T17:11:02.607] [DEBUG] debug - log output
[2022-07-12T17:11:04.608] [DEBUG] debug - log output
[2022-07-12T17:11:06.607] [DEBUG] debug - log output
[2022-07-12T17:11:08.609] [DEBUG] debug - log output
[2022-07-12T17:11:10.606] [DEBUG] debug - log output
[2022-07-12T17:11:12.604] [DEBUG] debug - log output
[2022-07-12T17:11:14.608] [DEBUG] debug - log output
[2022-07-12T17:11:16.607] [DEBUG] debug - log output
[2022-07-12T17:11:18.608] [DEBUG] debug - log output
[2022-07-12T17:11:20.609] [DEBUG] debug - log output
[2022-07-12T17:11:22.613] [DEBUG] debug - log output
[2022-07-12T17:11:24.611] [DEBUG] debug - log output
[2022-07-12T17:11:26.602] [DEBUG] debug - log output
[2022-07-12T17:11:28.619] [DEBUG] debug - log output
[2022-07-12T17:11:30.618] [DEBUG] debug - log output
[2022-07-12T17:11:32.612] [DEBUG] debug - log output
[2022-07-12T17:11:34.611] [DEBUG] debug - log output
[2022-07-12T17:11:36.608] [DEBUG] debug - log output
[2022-07-12T17:11:38.613] [DEBUG] debug - log output
[2022-07-12T17:11:40.613] [DEBUG] debug - log output
[2022-07-12T17:11:42.609] [DEBUG] debug - log output
[2022-07-12T17:11:44.602] [DEBUG] debug - log output
[2022-07-12T17:11:46.606] [DEBUG] debug - log output
[2022-07-12T17:11:48.613] [DEBUG] debug - log output
[2022-07-12T17:11:50.615] [DEBUG] debug - log output
[2022-07-12T17:11:52.606] [DEBUG] debug - log output
[2022-07-12T17:11:54.614] [DEBUG] debug - log output
[2022-07-12T17:11:56.602] [DEBUG] debug - log output
[2022-07-12T17:11:58.615] [DEBUG] debug - log output
[2022-07-12T17:12:00.609] [DEBUG] debug - log output
[2022-07-12T17:12:02.617] [DEBUG] debug - log output
[2022-07-12T17:12:04.614] [DEBUG] debug - log output
[2022-07-12T17:12:06.607] [DEBUG] debug - log output
[2022-07-12T17:12:08.610] [DEBUG] debug - log output
[2022-07-12T17:12:10.605] [DEBUG] debug - log output
[2022-07-12T17:12:12.617] [DEBUG] debug - log output
[2022-07-12T17:12:14.606] [DEBUG] debug - log output
[2022-07-12T17:12:16.603] [DEBUG] debug - log output
[2022-07-12T17:12:18.615] [DEBUG] debug - log output
[2022-07-12T17:12:20.608] [DEBUG] debug - log output
[2022-07-12T17:12:22.609] [DEBUG] debug - log output
[2022-07-12T17:12:24.620] [DEBUG] debug - log output
[2022-07-12T17:12:26.619] [DEBUG] debug - log output
[2022-07-12T17:12:28.618] [DEBUG] debug - log output
[2022-07-12T17:12:30.619] [DEBUG] debug - log output
[2022-07-12T17:12:32.611] [DEBUG] debug - log output
[2022-07-12T17:12:34.613] [DEBUG] debug - log output
[2022-07-12T17:12:36.610] [DEBUG] debug - log output
[2022-07-12T17:12:38.608] [DEBUG] debug - log output
[2022-07-12T17:12:40.620] [DEBUG] debug - log output
[2022-07-12T17:12:42.607] [DEBUG] debug - log output
[2022-07-12T17:12:44.610] [DEBUG] debug - log output
[2022-07-12T17:12:46.607] [DEBUG] debug - log output
[2022-07-12T17:12:48.604] [DEBUG] debug - log output
[2022-07-12T17:12:50.612] [DEBUG] debug - log output
[2022-07-12T17:12:52.607] [DEBUG] debug - log output
[2022-07-12T17:12:54.605] [DEBUG] debug - log output
[2022-07-12T17:12:56.616] [DEBUG] debug - log output
[2022-07-12T17:12:58.618] [DEBUG] debug - log output
[2022-07-12T17:13:00.615] [DEBUG] debug - log output
[2022-07-12T17:13:02.613] [DEBUG] debug - log output
[2022-07-12T17:13:04.609] [DEBUG] debug - log output
[2022-07-12T17:13:06.608] [DEBUG] debug - log output
[2022-07-12T17:13:08.616] [DEBUG] debug - log output
[2022-07-12T17:13:10.614] [DEBUG] debug - log output
[2022-07-12T17:13:12.611] [DEBUG] debug - log output
[2022-07-12T17:13:14.609] [DEBUG] debug - log output
[2022-07-12T17:13:16.604] [DEBUG] debug - log output
[2022-07-12T17:13:18.611] [DEBUG] debug - log output
[2022-07-12T17:13:20.614] [DEBUG] debug - log output
[2022-07-12T17:13:22.631] [DEBUG] debug - log output
[2022-07-12T17:13:24.608] [DEBUG] debug - log output
[2022-07-12T17:13:26.606] [DEBUG] debug - log output
[2022-07-12T17:13:28.613] [DEBUG] debug - log output
[2022-07-12T17:13:30.611] [DEBUG] debug - log output
[2022-07-12T17:13:32.609] [DEBUG] debug - log output
[2022-07-12T17:13:34.609] [DEBUG] debug - log output
[2022-07-12T17:13:36.617] [DEBUG] debug - log output
[2022-07-12T17:13:38.611] [DEBUG] debug - log output
[2022-07-12T17:13:40.603] [DEBUG] debug - log output
[2022-07-12T17:13:42.602] [DEBUG] debug - log output
[2022-07-12T17:13:44.617] [DEBUG] debug - log output
[2022-07-12T17:13:46.615] [DEBUG] debug - log output
[2022-07-12T17:13:48.606] [DEBUG] debug - log output
[2022-07-12T17:13:50.620] [DEBUG] debug - log output
[2022-07-12T17:13:52.605] [DEBUG] debug - log output
[2022-07-12T17:13:54.608] [DEBUG] debug - log output
[2022-07-12T17:13:56.608] [DEBUG] debug - log output
[2022-07-12T17:13:58.651] [DEBUG] debug - log output
[2022-07-12T17:14:00.613] [DEBUG] debug - log output
[2022-07-12T17:14:02.604] [DEBUG] debug - log output
[2022-07-12T17:14:04.610] [DEBUG] debug - log output
[2022-07-12T17:14:06.615] [DEBUG] debug - log output
[2022-07-12T17:14:08.615] [DEBUG] debug - log output
[2022-07-12T17:14:10.617] [DEBUG] debug - log output
[2022-07-12T17:14:12.611] [DEBUG] debug - log output
[2022-07-12T17:14:14.610] [DEBUG] debug - log output
[2022-07-12T17:14:16.602] [DEBUG] debug - log output
[2022-07-12T17:14:18.605] [DEBUG] debug - log output
[2022-07-12T17:14:20.615] [DEBUG] debug - log output
[2022-07-12T17:14:22.614] [DEBUG] debug - log output
[2022-07-12T17:14:24.614] [DEBUG] debug - log output
[2022-07-12T17:14:26.602] [DEBUG] debug - log output
[2022-07-12T17:14:28.608] [DEBUG] debug - log output
[2022-07-12T17:14:30.604] [DEBUG] debug - log output
[2022-07-12T17:14:32.604] [DEBUG] debug - log output
[2022-07-12T17:14:34.614] [DEBUG] debug - log output
[2022-07-12T17:14:36.616] [DEBUG] debug - log output
[2022-07-12T17:14:38.617] [DEBUG] debug - log output
[2022-07-12T17:14:40.614] [DEBUG] debug - log output
[2022-07-12T17:14:42.613] [DEBUG] debug - log output
[2022-07-12T17:14:44.608] [DEBUG] debug - log output
[2022-07-12T17:14:46.609] [DEBUG] debug - log output
[2022-07-12T17:14:48.605] [DEBUG] debug - log output
[2022-07-12T17:14:50.608] [DEBUG] debug - log output
[2022-07-12T17:14:52.608] [DEBUG] debug - log output
[2022-07-12T17:14:54.620] [DEBUG] debug - log output
[2022-07-12T17:14:56.609] [DEBUG] debug - log output
[2022-07-12T17:14:58.614] [DEBUG] debug - log output
[2022-07-12T17:15:00.608] [DEBUG] debug - log output
[2022-07-12T17:15:02.613] [DEBUG] debug - log output
[2022-07-12T17:15:04.613] [DEBUG] debug - log output
[2022-07-12T17:15:06.609] [DEBUG] debug - log output
[2022-07-12T17:15:08.608] [DEBUG] debug - log output
[2022-07-12T17:15:10.611] [DEBUG] debug - log output
[2022-07-12T17:15:12.612] [DEBUG] debug - log output
[2022-07-12T17:15:14.610] [DEBUG] debug - log output
[2022-07-12T17:15:16.607] [DEBUG] debug - log output
[2022-07-12T17:15:18.618] [DEBUG] debug - log output
[2022-07-12T17:15:20.614] [DEBUG] debug - log output
[2022-07-12T17:15:22.610] [DEBUG] debug - log output
[2022-07-12T17:15:24.604] [DEBUG] debug - log output
[2022-07-12T17:15:26.601] [DEBUG] debug - log output
[2022-07-12T19:34:34.108] [DEBUG] debug - {
  deptId: [],
  state: 1,
  role: 1,
  roleList: [],
  createTime: 2022-07-12T11:30:30.270Z,
  lastLoginTime: 2022-07-12T11:30:30.270Z,
  _id: new ObjectId("62cd5c40ac28d10f96727584"),
  userName: 'admin',
  userPwd: '123456'
}
